000 (204240.000.000) 07/27 23:24:24 Job submitted from host: <172.18.22.129:9618?addrs=172.18.22.129-9618&noUDP&sock=2035_6b51_3>
...
001 (204240.000.000) 07/27 23:24:45 Job executing on host: <192.168.8.213:9618?addrs=192.168.8.213-9618&noUDP&sock=776_d995_3>
...
006 (204240.000.000) 07/27 23:24:53 Image size of job updated: 18968248
	5043  -  MemoryUsage of job (MB)
	5163396  -  ResidentSetSize of job (KB)
...
006 (204240.000.000) 07/27 23:29:54 Image size of job updated: 19098712
	5048  -  MemoryUsage of job (MB)
	5168164  -  ResidentSetSize of job (KB)
...
006 (204240.000.000) 07/27 23:39:54 Image size of job updated: 19099464
	5048  -  MemoryUsage of job (MB)
	5168164  -  ResidentSetSize of job (KB)
...
006 (204240.000.000) 07/27 23:44:55 Image size of job updated: 19099620
	5059  -  MemoryUsage of job (MB)
	5179464  -  ResidentSetSize of job (KB)
...
006 (204240.000.000) 07/27 23:49:56 Image size of job updated: 19111876
	5059  -  MemoryUsage of job (MB)
	5179464  -  ResidentSetSize of job (KB)
...
006 (204240.000.000) 07/27 23:59:57 Image size of job updated: 19123308
	5219  -  MemoryUsage of job (MB)
	5343772  -  ResidentSetSize of job (KB)
...
006 (204240.000.000) 07/28 00:04:58 Image size of job updated: 19136844
	5219  -  MemoryUsage of job (MB)
	5343772  -  ResidentSetSize of job (KB)
...
006 (204240.000.000) 07/28 00:14:59 Image size of job updated: 19136844
	5240  -  MemoryUsage of job (MB)
	5365652  -  ResidentSetSize of job (KB)
...
006 (204240.000.000) 07/28 00:20:00 Image size of job updated: 19136872
	5240  -  MemoryUsage of job (MB)
	5365652  -  ResidentSetSize of job (KB)
...
006 (204240.000.000) 07/28 02:25:12 Image size of job updated: 19136936
	5240  -  MemoryUsage of job (MB)
	5365652  -  ResidentSetSize of job (KB)
...
006 (204240.000.000) 07/28 07:40:46 Image size of job updated: 19143812
	5240  -  MemoryUsage of job (MB)
	5365652  -  ResidentSetSize of job (KB)
...
005 (204240.000.000) 07/28 10:12:17 Job terminated.
	(1) Normal termination (return value 0)
		Usr 0 10:41:25, Sys 0 00:06:01  -  Run Remote Usage
		Usr 0 00:00:00, Sys 0 00:00:00  -  Run Local Usage
		Usr 0 10:41:25, Sys 0 00:06:01  -  Total Remote Usage
		Usr 0 00:00:00, Sys 0 00:00:00  -  Total Local Usage
	46994440  -  Run Bytes Sent By Job
	5971355  -  Run Bytes Received By Job
	46994440  -  Total Bytes Sent By Job
	5971355  -  Total Bytes Received By Job
	Partitionable Resources :     Usage  Request Allocated 
	   Cpus                 :      1.00        1         1 
	   Disk (KB)            : 445776     5500000   5794587 
	   Memory (MB)          :   5240       14000     14080 
...
